<?xml version="1.0" encoding="UTF-8"?>
<!-- Generated by org.testng.reporters.JUnitReportReporter -->
<testsuite hostname="DESKTOP-G592LK3" failures="0" tests="1" name="coverFoxTest.CF_TC555_Validate_Error_Msg_for_healthcare_policies" time="11.699" errors="0" timestamp="2024-01-27T14:14:10 IST" skipped="0">
  <testcase classname="coverFoxTest.CF_TC555_Validate_Error_Msg_for_healthcare_policies" name="validatePincodeErrorMsg" time="11.699">
    <system-out>
      <![CDATA[TC validatePincodeErrorMsg execution is started
TC validatePincodeErrorMsg is completed successfully]]>
    </system-out>
  </testcase> <!-- validatePincodeErrorMsg -->
  <system-out>
    <![CDATA[Launching Browser
clicking on gender button
clicking on next button
Handeling age dropdown
clicking on next button
Entering pin code
Enter
Enter
TC validatePincodeErrorMsg execution is started
TC validatePincodeErrorMsg is completed successfully
Closing Browser]]>
  </system-out>
</testsuite> <!-- coverFoxTest.CF_TC555_Validate_Error_Msg_for_healthcare_policies -->
