<?xml version="1.0" encoding="UTF-8"?>
<!-- Generated by org.testng.reporters.JUnitReportReporter -->
<testsuite hostname="DESKTOP-G592LK3" failures="0" tests="1" name="coverFoxTest.CF_TC555_Validate_search_results_for_healthcare_policies" time="45.581" errors="0" timestamp="2024-01-20T17:53:46 IST" skipped="0">
  <testcase classname="coverFoxTest.CF_TC555_Validate_search_results_for_healthcare_policies" name="validateTestPlansFromTextAndBanners" time="45.581">
    <system-out>
      <![CDATA[TC validateTestPlansFromTextAndBanners execution is started
Fetching number of results from text
Fetching number of results from Banners
TC is passed
Take screenshot
Saved screenshot atC:\Users\DELL\Desktop\ChaitaliTestingNotes\ScreenShotPracticeCF_TC555_2024.01.20.17.53.38.png
TC validateTestPlansFromTextAndBanners is completed successfully]]>
    </system-out>
  </testcase> <!-- validateTestPlansFromTextAndBanners -->
  <system-out>
    <![CDATA[Launching Browser
clicking on gender button
clicking on next button
Handeling age dropdown
Reading data from excelSheet
clicking on next button
Entering pin code
Reading data from excelSheet
Enter
Reading data from excelSheet
Enter
TC validateTestPlansFromTextAndBanners execution is started
Fetching number of results from text
Fetching number of results from Banners
TC is passed
Take screenshot
Saved screenshot atC:\Users\DELL\Desktop\ChaitaliTestingNotes\ScreenShotPracticeCF_TC555_2024.01.20.17.53.38.png
TC validateTestPlansFromTextAndBanners is completed successfully
Closing Browser]]>
  </system-out>
</testsuite> <!-- coverFoxTest.CF_TC555_Validate_search_results_for_healthcare_policies -->
